<?xml version="1.0" encoding="UTF-8"?>
<testng-results skipped="0" failed="0" total="1" passed="1">
  <reporter-output>
  </reporter-output>
  <suite name="Surefire suite" duration-ms="4143" started-at="2017-03-28T16:26:31Z" finished-at="2017-03-28T16:26:35Z">
    <groups>
    </groups>
    <test name="Surefire test" duration-ms="4143" started-at="2017-03-28T16:26:31Z" finished-at="2017-03-28T16:26:35Z">
      <class name="nl.berg.packt.webdriver.TestIT">
        <test-method status="PASS" signature="creatDriver()" name="creatDriver" is-config="true" duration-ms="1354" started-at="2017-03-28T16:26:29Z" finished-at="2017-03-28T16:26:31Z">
        </test-method>
        <test-method status="PASS" signature="getLoginPageWithHTMLUNIT()" name="getLoginPageWithHTMLUNIT" duration-ms="4134" started-at="2017-03-28T16:26:31Z" finished-at="2017-03-28T16:26:35Z">
        </test-method>
        <test-method status="PASS" signature="closeDriver()" name="closeDriver" is-config="true" duration-ms="13" started-at="2017-03-28T16:26:35Z" finished-at="2017-03-28T16:26:35Z">
        </test-method>
      </class>
    </test>
  </suite>
</testng-results>
